<?xml version="1.0" encoding="UTF-8"?>
<testng-results skipped="0" failed="0" total="6" passed="6">
  <reporter-output>
  </reporter-output>
  <suite name="Suite" duration-ms="200822" started-at="2020-03-16T06:19:19Z" finished-at="2020-03-16T06:22:40Z">
    <groups>
    </groups>
    <test name="Test" duration-ms="200822" started-at="2020-03-16T06:19:19Z" finished-at="2020-03-16T06:22:40Z">
      <class name="org.testing.testScripts.TC1">
        <test-method status="PASS" signature="browseLaunch()[pri:0, instance:org.testing.testScripts.TC1@6295d394]" name="browseLaunch" is-config="true" duration-ms="8687" started-at="2020-03-16T11:49:19Z" finished-at="2020-03-16T11:49:28Z">
          <reporter-output>
          </reporter-output>
        </test-method> <!-- browseLaunch -->
        <test-method status="PASS" signature="Trending()[pri:0, instance:org.testing.testScripts.TC1@6295d394]" name="Trending" duration-ms="14377" started-at="2020-03-16T11:49:28Z" finished-at="2020-03-16T11:49:42Z">
          <reporter-output>
          </reporter-output>
        </test-method> <!-- Trending -->
        <test-method status="PASS" signature="logout()[pri:0, instance:org.testing.testScripts.TC1@6295d394]" name="logout" is-config="true" duration-ms="14082" started-at="2020-03-16T11:49:42Z" finished-at="2020-03-16T11:49:56Z">
          <reporter-output>
          </reporter-output>
        </test-method> <!-- logout -->
      </class> <!-- org.testing.testScripts.TC1 -->
      <class name="org.testing.testScripts.TC2">
        <test-method status="PASS" signature="browseLaunch()[pri:0, instance:org.testing.testScripts.TC2@37e547da]" name="browseLaunch" is-config="true" duration-ms="8848" started-at="2020-03-16T11:49:56Z" finished-at="2020-03-16T11:50:05Z">
          <reporter-output>
          </reporter-output>
        </test-method> <!-- browseLaunch -->
        <test-method status="PASS" signature="Subscription()[pri:0, instance:org.testing.testScripts.TC2@37e547da]" name="Subscription" duration-ms="12833" started-at="2020-03-16T11:50:05Z" finished-at="2020-03-16T11:50:18Z">
          <reporter-output>
          </reporter-output>
        </test-method> <!-- Subscription -->
        <test-method status="PASS" signature="logout()[pri:0, instance:org.testing.testScripts.TC2@37e547da]" name="logout" is-config="true" duration-ms="12446" started-at="2020-03-16T11:50:18Z" finished-at="2020-03-16T11:50:30Z">
          <reporter-output>
          </reporter-output>
        </test-method> <!-- logout -->
      </class> <!-- org.testing.testScripts.TC2 -->
      <class name="org.testing.testScripts.TC5">
        <test-method status="PASS" signature="browseLaunch()[pri:0, instance:org.testing.testScripts.TC5@6107227e]" name="browseLaunch" is-config="true" duration-ms="8804" started-at="2020-03-16T11:51:38Z" finished-at="2020-03-16T11:51:46Z">
          <reporter-output>
          </reporter-output>
        </test-method> <!-- browseLaunch -->
        <test-method status="PASS" signature="History()[pri:0, instance:org.testing.testScripts.TC5@6107227e]" name="History" duration-ms="13051" started-at="2020-03-16T11:51:46Z" finished-at="2020-03-16T11:52:00Z">
          <reporter-output>
          </reporter-output>
        </test-method> <!-- History -->
        <test-method status="PASS" signature="logout()[pri:0, instance:org.testing.testScripts.TC5@6107227e]" name="logout" is-config="true" duration-ms="9789" started-at="2020-03-16T11:52:00Z" finished-at="2020-03-16T11:52:09Z">
          <reporter-output>
          </reporter-output>
        </test-method> <!-- logout -->
      </class> <!-- org.testing.testScripts.TC5 -->
      <class name="org.testing.testScripts.TC6">
        <test-method status="PASS" signature="browseLaunch()[pri:0, instance:org.testing.testScripts.TC6@7c417213]" name="browseLaunch" is-config="true" duration-ms="9409" started-at="2020-03-16T11:52:09Z" finished-at="2020-03-16T11:52:19Z">
          <reporter-output>
          </reporter-output>
        </test-method> <!-- browseLaunch -->
        <test-method status="PASS" signature="liBRARY()[pri:0, instance:org.testing.testScripts.TC6@7c417213]" name="liBRARY" duration-ms="12512" started-at="2020-03-16T11:52:19Z" finished-at="2020-03-16T11:52:31Z">
          <reporter-output>
          </reporter-output>
        </test-method> <!-- liBRARY -->
        <test-method status="PASS" signature="logout()[pri:0, instance:org.testing.testScripts.TC6@7c417213]" name="logout" is-config="true" duration-ms="8578" started-at="2020-03-16T11:52:31Z" finished-at="2020-03-16T11:52:40Z">
          <reporter-output>
          </reporter-output>
        </test-method> <!-- logout -->
      </class> <!-- org.testing.testScripts.TC6 -->
      <class name="org.testing.testScripts.TC3">
        <test-method status="PASS" signature="browseLaunch()[pri:0, instance:org.testing.testScripts.TC3@2b6856dd]" name="browseLaunch" is-config="true" duration-ms="10774" started-at="2020-03-16T11:50:30Z" finished-at="2020-03-16T11:50:41Z">
          <reporter-output>
          </reporter-output>
        </test-method> <!-- browseLaunch -->
        <test-method status="PASS" signature="videoplay_like()[pri:0, instance:org.testing.testScripts.TC3@2b6856dd]" name="videoplay_like" duration-ms="12847" started-at="2020-03-16T11:50:41Z" finished-at="2020-03-16T11:50:54Z">
          <reporter-output>
          </reporter-output>
        </test-method> <!-- videoplay_like -->
        <test-method status="PASS" signature="logout()[pri:0, instance:org.testing.testScripts.TC3@2b6856dd]" name="logout" is-config="true" duration-ms="10227" started-at="2020-03-16T11:50:54Z" finished-at="2020-03-16T11:51:04Z">
          <reporter-output>
          </reporter-output>
        </test-method> <!-- logout -->
      </class> <!-- org.testing.testScripts.TC3 -->
      <class name="org.testing.testScripts.TC4">
        <test-method status="PASS" signature="browseLaunch()[pri:0, instance:org.testing.testScripts.TC4@5db45159]" name="browseLaunch" is-config="true" duration-ms="9321" started-at="2020-03-16T11:51:04Z" finished-at="2020-03-16T11:51:13Z">
          <reporter-output>
          </reporter-output>
        </test-method> <!-- browseLaunch -->
        <test-method status="PASS" signature="videoplay_subscribe()[pri:0, instance:org.testing.testScripts.TC4@5db45159]" name="videoplay_subscribe" duration-ms="13964" started-at="2020-03-16T11:51:13Z" finished-at="2020-03-16T11:51:27Z">
          <reporter-output>
          </reporter-output>
        </test-method> <!-- videoplay_subscribe -->
        <test-method status="PASS" signature="logout()[pri:0, instance:org.testing.testScripts.TC4@5db45159]" name="logout" is-config="true" duration-ms="10250" started-at="2020-03-16T11:51:27Z" finished-at="2020-03-16T11:51:38Z">
          <reporter-output>
          </reporter-output>
        </test-method> <!-- logout -->
      </class> <!-- org.testing.testScripts.TC4 -->
    </test> <!-- Test -->
  </suite> <!-- Suite -->
</testng-results>
