<?xml version="1.0" encoding="UTF-8"?>
<!-- Generated by org.testng.reporters.JUnitXMLReporter -->
<testsuite hostname="admin-HP" name="Test" tests="6" failures="0" timestamp="16 Mar 2020 06:22:40 GMT" time="200.822" errors="0">
  <testcase name="Trending" time="14.377" classname="org.testing.testScripts.TC1"/>
  <testcase name="Subscription" time="12.833" classname="org.testing.testScripts.TC2"/>
  <testcase name="videoplay_like" time="12.847" classname="org.testing.testScripts.TC3"/>
  <testcase name="videoplay_subscribe" time="13.964" classname="org.testing.testScripts.TC4"/>
  <testcase name="History" time="13.051" classname="org.testing.testScripts.TC5"/>
  <testcase name="liBRARY" time="12.512" classname="org.testing.testScripts.TC6"/>
</testsuite> <!-- Test -->
